2022-10-28 16:10:26,855:INFO:PyCaret Supervised Module
2022-10-28 16:10:26,885:INFO:ML Usecase: regression
2022-10-28 16:10:26,885:INFO:version 2.3.10
2022-10-28 16:10:26,885:INFO:Initializing setup()
2022-10-28 16:10:26,893:INFO:setup(target=variety, ml_usecase=regression, available_plots={'parameter': 'Hyperparameters', 'residuals': 'Residuals', 'error': 'Prediction Error', 'cooks': 'Cooks Distance', 'rfe': 'Feature Selection', 'learning': 'Learning Curve', 'manifold': 'Manifold Learning', 'vc': 'Validation Curve', 'feature': 'Feature Importance', 'feature_all': 'Feature Importance (All)', 'tree': 'Decision Tree', 'residuals_interactive': 'Interactive Residuals'}, train_size=0.7, test_data=None, preprocess=True, imputation_type=simple, iterative_imputation_iters=5, categorical_features=None, categorical_imputation=constant, categorical_iterative_imputer=lightgbm, ordinal_features=None, high_cardinality_features=None, high_cardinality_method=frequency, numeric_features=None, numeric_imputation=mean, numeric_iterative_imputer=lightgbm, date_features=None, ignore_features=None, normalize=False, normalize_method=zscore, transformation=False, transformation_method=yeo-johnson, handle_unknown_categorical=True, unknown_categorical_method=least_frequent, pca=False, pca_method=linear, pca_components=None, ignore_low_variance=False, combine_rare_levels=False, rare_level_threshold=0.1, bin_numeric_features=None, remove_outliers=False, outliers_threshold=0.05, remove_multicollinearity=False, multicollinearity_threshold=0.9, remove_perfect_collinearity=True, create_clusters=False, cluster_iter=20, polynomial_features=False, polynomial_degree=2, trigonometry_features=False, polynomial_threshold=0.1, group_features=None, group_names=None, feature_selection=False, feature_selection_threshold=0.8, feature_selection_method=classic, feature_interaction=False, feature_ratio=False, interaction_threshold=0.01, fix_imbalance=False, fix_imbalance_method=None, transform_target=False, transform_target_method=box-cox, data_split_shuffle=True, data_split_stratify=False, fold_strategy=kfold, fold=10, fold_shuffle=False, fold_groups=None, n_jobs=-1, use_gpu=False, custom_pipeline=None, html=True, session_id=None, log_experiment=False, experiment_name=None, experiment_custom_tags=None, log_plots=False, log_profile=False, log_data=False, silent=True, verbose=True, profile=False, profile_kwargs=None, display=None)
2022-10-28 16:10:26,957:INFO:Checking environment
2022-10-28 16:10:26,973:INFO:python_version: 3.8.12
2022-10-28 16:10:26,981:INFO:python_build: ('default', 'Oct 12 2021 03:01:40')
2022-10-28 16:10:26,981:INFO:machine: AMD64
2022-10-28 16:10:27,271:INFO:platform: Windows-10-10.0.19044-SP0
2022-10-28 16:10:27,285:WARNING:cannot find psutil installation. memory not traceable. Install psutil using pip to enable memory logging.
2022-10-28 16:10:27,293:INFO:Checking libraries
2022-10-28 16:10:27,317:INFO:pd==1.3.4
2022-10-28 16:10:27,317:INFO:numpy==1.19.5
2022-10-28 16:10:27,317:INFO:sklearn==0.23.2
2022-10-28 16:10:27,317:INFO:lightgbm==3.3.2
2022-10-28 16:10:27,317:WARNING:catboost not found
2022-10-28 16:10:29,653:INFO:xgboost==1.6.2
2022-10-28 16:10:29,653:INFO:mlflow==1.30.0
2022-10-28 16:10:29,684:INFO:Checking Exceptions
2022-10-28 16:10:29,692:INFO:Declaring global variables
2022-10-28 16:10:29,692:INFO:USI: e1f6
2022-10-28 16:10:29,692:INFO:pycaret_globals: {'create_model_container', 'data_before_preprocess', 'imputation_classifier', 'dashboard_logger', 'X_test', 'html_param', 'USI', 'fold_groups_param', 'y_test', 'n_jobs_param', 'seed', '_all_models_internal', 'X', 'fix_imbalance_method_param', 'imputation_regressor', 'master_model_container', 'y', '_all_metrics', 'fold_shuffle_param', 'gpu_param', 'prep_pipe', 'fold_groups_param_full', 'pycaret_globals', '_available_plots', 'fold_generator', 'logging_param', 'y_train', 'transform_target_param', 'log_plots_param', 'X_train', 'experiment__', 'transform_target_method_param', 'fix_imbalance_param', 'target_param', 'fold_param', '_gpu_n_jobs_param', 'display_container', '_ml_usecase', '_all_models', '_internal_pipeline', 'stratify_param', 'exp_name_log', 'iterative_imputation_iters_param'}
2022-10-28 16:10:29,700:INFO:Preparing display monitor
2022-10-28 16:10:29,716:INFO:Preparing display monitor
2022-10-28 16:10:29,780:INFO:Importing libraries
2022-10-28 16:10:29,780:INFO:Copying data for preprocessing
2022-10-28 16:10:29,812:INFO:Declaring preprocessing parameters
2022-10-28 16:10:29,812:INFO:Creating preprocessing pipeline
2022-10-28 16:10:29,828:INFO:Preprocessing pipeline created successfully
2022-10-28 16:10:29,828:ERROR:(Process Exit): setup has been interupted with user command 'quit'. setup must rerun.
2022-10-28 16:10:29,828:INFO:Creating global containers
2022-10-28 16:10:29,860:INFO:Internal pipeline: Pipeline(memory=None, steps=[('empty_step', 'passthrough')], verbose=False)
2022-10-28 16:10:30,818:WARNING:Couldn't import catboost.CatBoostRegressor
2022-10-28 16:10:31,101:WARNING:Couldn't import catboost.CatBoostRegressor
2022-10-28 16:10:31,117:INFO:Creating grid variables
2022-10-28 16:10:31,131:INFO:create_model_container: 0
2022-10-28 16:10:31,131:INFO:master_model_container: 0
2022-10-28 16:10:31,131:INFO:display_container: 1
2022-10-28 16:10:31,147:INFO:Pipeline(memory=None,
         steps=[('dtypes',
                 DataTypes_Auto_infer(categorical_features=[],
                                      display_types=False, features_todrop=[],
                                      id_columns=[], ml_usecase='regression',
                                      numerical_features=[], target='variety',
                                      time_features=[])),
                ('imputer',
                 Simple_Imputer(categorical_strategy='not_available',
                                fill_value_categorical=None,
                                fill_value_numerical=None,
                                numeric_strateg...
                ('scaling', 'passthrough'), ('P_transform', 'passthrough'),
                ('binn', 'passthrough'), ('rem_outliers', 'passthrough'),
                ('cluster_all', 'passthrough'),
                ('dummy', Dummify(target='variety')),
                ('fix_perfect', Remove_100(target='variety')),
                ('clean_names', Clean_Colum_Names()),
                ('feature_select', 'passthrough'), ('fix_multi', 'passthrough'),
                ('dfs', 'passthrough'), ('pca', 'passthrough')],
         verbose=False)
2022-10-28 16:10:31,155:INFO:setup() succesfully completed......................................
2022-10-28 16:30:43,061:INFO:PyCaret Supervised Module
2022-10-28 16:30:43,061:INFO:ML Usecase: regression
2022-10-28 16:30:43,067:INFO:version 2.3.10
2022-10-28 16:30:43,080:INFO:Initializing setup()
2022-10-28 16:30:43,085:INFO:setup(target=sepal.length, ml_usecase=regression, available_plots={'parameter': 'Hyperparameters', 'residuals': 'Residuals', 'error': 'Prediction Error', 'cooks': 'Cooks Distance', 'rfe': 'Feature Selection', 'learning': 'Learning Curve', 'manifold': 'Manifold Learning', 'vc': 'Validation Curve', 'feature': 'Feature Importance', 'feature_all': 'Feature Importance (All)', 'tree': 'Decision Tree', 'residuals_interactive': 'Interactive Residuals'}, train_size=0.7, test_data=None, preprocess=True, imputation_type=simple, iterative_imputation_iters=5, categorical_features=None, categorical_imputation=constant, categorical_iterative_imputer=lightgbm, ordinal_features=None, high_cardinality_features=None, high_cardinality_method=frequency, numeric_features=None, numeric_imputation=mean, numeric_iterative_imputer=lightgbm, date_features=None, ignore_features=None, normalize=False, normalize_method=zscore, transformation=False, transformation_method=yeo-johnson, handle_unknown_categorical=True, unknown_categorical_method=least_frequent, pca=False, pca_method=linear, pca_components=None, ignore_low_variance=False, combine_rare_levels=False, rare_level_threshold=0.1, bin_numeric_features=None, remove_outliers=False, outliers_threshold=0.05, remove_multicollinearity=False, multicollinearity_threshold=0.9, remove_perfect_collinearity=True, create_clusters=False, cluster_iter=20, polynomial_features=False, polynomial_degree=2, trigonometry_features=False, polynomial_threshold=0.1, group_features=None, group_names=None, feature_selection=False, feature_selection_threshold=0.8, feature_selection_method=classic, feature_interaction=False, feature_ratio=False, interaction_threshold=0.01, fix_imbalance=False, fix_imbalance_method=None, transform_target=False, transform_target_method=box-cox, data_split_shuffle=True, data_split_stratify=False, fold_strategy=kfold, fold=10, fold_shuffle=False, fold_groups=None, n_jobs=-1, use_gpu=False, custom_pipeline=None, html=True, session_id=None, log_experiment=False, experiment_name=None, experiment_custom_tags=None, log_plots=False, log_profile=False, log_data=False, silent=True, verbose=True, profile=False, profile_kwargs=None, display=None)
2022-10-28 16:30:43,133:INFO:Checking environment
2022-10-28 16:30:43,133:INFO:python_version: 3.8.12
2022-10-28 16:30:43,141:INFO:python_build: ('default', 'Oct 12 2021 03:01:40')
2022-10-28 16:30:43,141:INFO:machine: AMD64
2022-10-28 16:30:43,141:INFO:platform: Windows-10-10.0.19044-SP0
2022-10-28 16:30:43,149:WARNING:cannot find psutil installation. memory not traceable. Install psutil using pip to enable memory logging.
2022-10-28 16:30:43,149:INFO:Checking libraries
2022-10-28 16:30:43,149:INFO:pd==1.3.4
2022-10-28 16:30:43,165:INFO:numpy==1.19.5
2022-10-28 16:30:43,165:INFO:sklearn==0.23.2
2022-10-28 16:30:43,165:INFO:lightgbm==3.3.2
2022-10-28 16:30:43,165:WARNING:catboost not found
2022-10-28 16:30:43,165:INFO:xgboost==1.6.2
2022-10-28 16:30:43,181:INFO:mlflow==1.30.0
2022-10-28 16:30:43,181:INFO:Checking Exceptions
2022-10-28 16:30:43,197:INFO:Declaring global variables
2022-10-28 16:30:43,197:INFO:USI: 6984
2022-10-28 16:30:43,197:INFO:pycaret_globals: {'create_model_container', 'data_before_preprocess', 'imputation_classifier', 'dashboard_logger', 'X_test', 'html_param', 'USI', 'fold_groups_param', 'y_test', 'n_jobs_param', 'seed', '_all_models_internal', 'X', 'fix_imbalance_method_param', 'imputation_regressor', 'master_model_container', 'y', '_all_metrics', 'fold_shuffle_param', 'gpu_param', 'prep_pipe', 'fold_groups_param_full', 'pycaret_globals', '_available_plots', 'fold_generator', 'logging_param', 'y_train', 'transform_target_param', 'log_plots_param', 'X_train', 'experiment__', 'transform_target_method_param', 'fix_imbalance_param', 'target_param', 'fold_param', '_gpu_n_jobs_param', 'display_container', '_ml_usecase', '_all_models', '_internal_pipeline', 'stratify_param', 'exp_name_log', 'iterative_imputation_iters_param'}
2022-10-28 16:30:43,213:INFO:Preparing display monitor
2022-10-28 16:30:43,213:INFO:Preparing display monitor
2022-10-28 16:30:43,245:INFO:Importing libraries
2022-10-28 16:30:43,245:INFO:Copying data for preprocessing
2022-10-28 16:30:43,261:INFO:Declaring preprocessing parameters
2022-10-28 16:30:43,261:INFO:Creating preprocessing pipeline
2022-10-28 16:30:43,285:INFO:Preprocessing pipeline created successfully
2022-10-28 16:30:43,293:ERROR:(Process Exit): setup has been interupted with user command 'quit'. setup must rerun.
2022-10-28 16:30:43,293:INFO:Creating global containers
2022-10-28 16:30:43,293:INFO:Internal pipeline: Pipeline(memory=None, steps=[('empty_step', 'passthrough')], verbose=False)
2022-10-28 16:30:43,970:WARNING:Couldn't import catboost.CatBoostRegressor
2022-10-28 16:30:44,257:WARNING:Couldn't import catboost.CatBoostRegressor
2022-10-28 16:30:44,269:INFO:Creating grid variables
2022-10-28 16:30:44,275:INFO:create_model_container: 0
2022-10-28 16:30:44,278:INFO:master_model_container: 0
2022-10-28 16:30:44,278:INFO:display_container: 1
2022-10-28 16:30:44,289:INFO:Pipeline(memory=None,
         steps=[('dtypes',
                 DataTypes_Auto_infer(categorical_features=[],
                                      display_types=False, features_todrop=[],
                                      id_columns=[], ml_usecase='regression',
                                      numerical_features=[],
                                      target='sepal.length',
                                      time_features=[])),
                ('imputer',
                 Simple_Imputer(categorical_strategy='not_available',
                                fill_value_categorical=None,
                                fill_value_numerical=None,
                                numeric_st...
                ('scaling', 'passthrough'), ('P_transform', 'passthrough'),
                ('binn', 'passthrough'), ('rem_outliers', 'passthrough'),
                ('cluster_all', 'passthrough'),
                ('dummy', Dummify(target='sepal.length')),
                ('fix_perfect', Remove_100(target='sepal.length')),
                ('clean_names', Clean_Colum_Names()),
                ('feature_select', 'passthrough'), ('fix_multi', 'passthrough'),
                ('dfs', 'passthrough'), ('pca', 'passthrough')],
         verbose=False)
2022-10-28 16:30:44,289:INFO:setup() succesfully completed......................................
2022-10-28 16:30:54,785:INFO:PyCaret Supervised Module
2022-10-28 16:30:54,785:INFO:ML Usecase: regression
2022-10-28 16:30:54,801:INFO:version 2.3.10
2022-10-28 16:30:54,801:INFO:Initializing setup()
2022-10-28 16:30:54,802:INFO:setup(target=variety, ml_usecase=regression, available_plots={'parameter': 'Hyperparameters', 'residuals': 'Residuals', 'error': 'Prediction Error', 'cooks': 'Cooks Distance', 'rfe': 'Feature Selection', 'learning': 'Learning Curve', 'manifold': 'Manifold Learning', 'vc': 'Validation Curve', 'feature': 'Feature Importance', 'feature_all': 'Feature Importance (All)', 'tree': 'Decision Tree', 'residuals_interactive': 'Interactive Residuals'}, train_size=0.7, test_data=None, preprocess=True, imputation_type=simple, iterative_imputation_iters=5, categorical_features=None, categorical_imputation=constant, categorical_iterative_imputer=lightgbm, ordinal_features=None, high_cardinality_features=None, high_cardinality_method=frequency, numeric_features=None, numeric_imputation=mean, numeric_iterative_imputer=lightgbm, date_features=None, ignore_features=None, normalize=False, normalize_method=zscore, transformation=False, transformation_method=yeo-johnson, handle_unknown_categorical=True, unknown_categorical_method=least_frequent, pca=False, pca_method=linear, pca_components=None, ignore_low_variance=False, combine_rare_levels=False, rare_level_threshold=0.1, bin_numeric_features=None, remove_outliers=False, outliers_threshold=0.05, remove_multicollinearity=False, multicollinearity_threshold=0.9, remove_perfect_collinearity=True, create_clusters=False, cluster_iter=20, polynomial_features=False, polynomial_degree=2, trigonometry_features=False, polynomial_threshold=0.1, group_features=None, group_names=None, feature_selection=False, feature_selection_threshold=0.8, feature_selection_method=classic, feature_interaction=False, feature_ratio=False, interaction_threshold=0.01, fix_imbalance=False, fix_imbalance_method=None, transform_target=False, transform_target_method=box-cox, data_split_shuffle=True, data_split_stratify=False, fold_strategy=kfold, fold=10, fold_shuffle=False, fold_groups=None, n_jobs=-1, use_gpu=False, custom_pipeline=None, html=True, session_id=None, log_experiment=False, experiment_name=None, experiment_custom_tags=None, log_plots=False, log_profile=False, log_data=False, silent=True, verbose=True, profile=False, profile_kwargs=None, display=None)
2022-10-28 16:30:54,802:INFO:Checking environment
2022-10-28 16:30:54,834:INFO:python_version: 3.8.12
2022-10-28 16:30:54,834:INFO:python_build: ('default', 'Oct 12 2021 03:01:40')
2022-10-28 16:30:54,842:INFO:machine: AMD64
2022-10-28 16:30:54,842:INFO:platform: Windows-10-10.0.19044-SP0
2022-10-28 16:30:54,842:WARNING:cannot find psutil installation. memory not traceable. Install psutil using pip to enable memory logging.
2022-10-28 16:30:54,850:INFO:Checking libraries
2022-10-28 16:30:54,850:INFO:pd==1.3.4
2022-10-28 16:30:54,850:INFO:numpy==1.19.5
2022-10-28 16:30:54,858:INFO:sklearn==0.23.2
2022-10-28 16:30:54,866:INFO:lightgbm==3.3.2
2022-10-28 16:30:54,866:WARNING:catboost not found
2022-10-28 16:30:54,874:INFO:xgboost==1.6.2
2022-10-28 16:30:54,882:INFO:mlflow==1.30.0
2022-10-28 16:30:54,882:INFO:Checking Exceptions
2022-10-28 16:30:54,890:INFO:Declaring global variables
2022-10-28 16:30:54,890:INFO:USI: 8e63
2022-10-28 16:30:54,898:INFO:pycaret_globals: {'create_model_container', 'data_before_preprocess', 'imputation_classifier', 'dashboard_logger', 'X_test', 'html_param', 'USI', 'fold_groups_param', 'y_test', 'n_jobs_param', 'seed', '_all_models_internal', 'X', 'fix_imbalance_method_param', 'imputation_regressor', 'master_model_container', 'y', '_all_metrics', 'fold_shuffle_param', 'gpu_param', 'prep_pipe', 'fold_groups_param_full', 'pycaret_globals', '_available_plots', 'fold_generator', 'logging_param', 'y_train', 'transform_target_param', 'log_plots_param', 'X_train', 'experiment__', 'transform_target_method_param', 'fix_imbalance_param', 'target_param', 'fold_param', '_gpu_n_jobs_param', 'display_container', '_ml_usecase', '_all_models', '_internal_pipeline', 'stratify_param', 'exp_name_log', 'iterative_imputation_iters_param'}
2022-10-28 16:30:54,898:INFO:Preparing display monitor
2022-10-28 16:30:54,898:INFO:Preparing display monitor
2022-10-28 16:30:54,946:INFO:Importing libraries
2022-10-28 16:30:54,946:INFO:Copying data for preprocessing
2022-10-28 16:30:54,962:INFO:Declaring preprocessing parameters
2022-10-28 16:30:54,962:INFO:Creating preprocessing pipeline
2022-10-28 16:30:54,978:INFO:Preprocessing pipeline created successfully
2022-10-28 16:30:54,978:ERROR:(Process Exit): setup has been interupted with user command 'quit'. setup must rerun.
2022-10-28 16:30:54,978:INFO:Creating global containers
2022-10-28 16:30:54,986:INFO:Internal pipeline: Pipeline(memory=None, steps=[('empty_step', 'passthrough')], verbose=False)
2022-10-28 16:30:55,482:WARNING:Couldn't import catboost.CatBoostRegressor
2022-10-28 16:30:55,779:WARNING:Couldn't import catboost.CatBoostRegressor
2022-10-28 16:30:55,782:INFO:Creating grid variables
2022-10-28 16:30:55,789:INFO:create_model_container: 0
2022-10-28 16:30:55,789:INFO:master_model_container: 0
2022-10-28 16:30:55,797:INFO:display_container: 1
2022-10-28 16:30:55,829:INFO:Pipeline(memory=None,
         steps=[('dtypes',
                 DataTypes_Auto_infer(categorical_features=[],
                                      display_types=False, features_todrop=[],
                                      id_columns=[], ml_usecase='regression',
                                      numerical_features=[], target='variety',
                                      time_features=[])),
                ('imputer',
                 Simple_Imputer(categorical_strategy='not_available',
                                fill_value_categorical=None,
                                fill_value_numerical=None,
                                numeric_strateg...
                ('scaling', 'passthrough'), ('P_transform', 'passthrough'),
                ('binn', 'passthrough'), ('rem_outliers', 'passthrough'),
                ('cluster_all', 'passthrough'),
                ('dummy', Dummify(target='variety')),
                ('fix_perfect', Remove_100(target='variety')),
                ('clean_names', Clean_Colum_Names()),
                ('feature_select', 'passthrough'), ('fix_multi', 'passthrough'),
                ('dfs', 'passthrough'), ('pca', 'passthrough')],
         verbose=False)
2022-10-28 16:30:55,845:INFO:setup() succesfully completed......................................
